<?xml version="1.0" encoding="UTF-8"?>
<!-- Generated by org.testng.reporters.JUnitXMLReporter -->
<testsuite ignored="0" hostname="5CD138MBFT" failures="3" tests="3" name="Test" time="50.832" errors="0" timestamp="2024-02-12T15:32:28 IST">
  <testcase classname="insuranceCalculation_MotoCycle.EndtoEndTestcases_MotorCycle" name="insuranceCalculate" time="12.708">
    <failure type="java.lang.AssertionError" message="Price is missmatched expected [238.00] but found []">
      <![CDATA[java.lang.AssertionError: Price is missmatched expected [238.00] but found []
at insuranceCalculation_MotoCycle.EndtoEndTestcases_MotorCycle.insuranceCalculate(EndtoEndTestcases_MotorCycle.java:39)
at java.base/java.util.ArrayList.forEach(ArrayList.java:1511)
... Removed 32 stack frames]]>
    </failure>
  </testcase> <!-- insuranceCalculate -->
  <testcase classname="insuranceCalculation_MotoCycle.EndtoEndTestcases_MotorCycle" name="insuranceCalculate" time="13.002">
    <failure type="java.lang.AssertionError" message="Price is missmatched expected [238.00] but found [793.00]">
      <![CDATA[java.lang.AssertionError: Price is missmatched expected [238.00] but found [793.00]
at insuranceCalculation_MotoCycle.EndtoEndTestcases_MotorCycle.insuranceCalculate(EndtoEndTestcases_MotorCycle.java:39)
at java.base/java.util.ArrayList.forEach(ArrayList.java:1511)
... Removed 32 stack frames]]>
    </failure>
  </testcase> <!-- insuranceCalculate -->
  <testcase classname="insuranceCalculation_MotoCycle.EndtoEndTestcases_MotorCycle" name="insuranceCalculate" time="13.264">
    <failure type="java.lang.AssertionError" message="Price is missmatched expected [87.00] but found [274.00]">
      <![CDATA[java.lang.AssertionError: Price is missmatched expected [87.00] but found [274.00]
at insuranceCalculation_MotoCycle.EndtoEndTestcases_MotorCycle.insuranceCalculate(EndtoEndTestcases_MotorCycle.java:39)
at java.base/java.util.ArrayList.forEach(ArrayList.java:1511)
... Removed 32 stack frames]]>
    </failure>
  </testcase> <!-- insuranceCalculate -->
</testsuite> <!-- Test -->
